<?xml version="1.0" encoding="UTF-8"?>
<!-- Generated by org.testng.reporters.JUnitReportReporter -->
<testsuite hostname="DESKTOP-T1S28OG" failures="0" tests="1" name="SumValidation" time="2.987" errors="0" timestamp="2021-10-24T00:51:17 BDT" skipped="0">
  <testcase classname="SumValidation" name="SumOfCourses" time="2.987"/>
  <system-out/>
</testsuite> <!-- SumValidation -->
